# JRE version: OpenJDK Runtime Environment Temurin-25.0.3+9 (25.0.3+9) (build 25.0.3+9-LTS)
# Java VM: OpenJDK 64-Bit Server VM Temurin-25.0.3+9 (25.0.3+9-LTS, mixed mode, sharing, tiered, compressed oops, compressed class ptrs, g1 gc, windows-amd64)
GC Precious Log:
 CardTable entry size: 512
 Card Set container configuration: InlinePtr #cards 4 size 8 Array Of Cards #cards 16 size 48 Howl #buckets 8 coarsen threshold 3686 Howl Bitmap #cards 512 size 80 coarsen threshold 460 Card regions per heap region 1 cards per card region 4096
 CPUs: 16 total, 16 available
 Memory: 16085M
 Large Page Support: Disabled
 NUMA Support: Disabled
 Compressed Oops: Enabled (Zero based)
 Heap Region Size: 2M
 Heap Min Capacity: 8M
 Heap Initial Capacity: 252M
 Heap Max Capacity: 4022M
 Pre-touch: Disabled
 Parallel Workers: 13
 Concurrent Workers: 3
 Concurrent Refinement Workers: 13
 Periodic GC: Disabled
Heap:
 garbage-first heap   total reserved 4118528K, committed 260096K, used 98599K [0x0000000704a00000, 0x0000000800000000)
  region size 2048K, 49 young (100352K), 5 survivors (10240K)
GC Heap Usage History (20 events):
Event: 21.740 {heap Before GC invocations=3 (full 0):
 garbage-first heap   total reserved 4118528K, committed 260096K, used 153135K [0x0000000704a00000, 0x0000000800000000)
  region size 2048K, 75 young (153600K), 5 survivors (10240K)
}
Event: 21.745 {heap After GC invocations=4 (full 0):
 garbage-first heap   total reserved 4118528K, committed 260096K, used 10103K [0x0000000704a00000, 0x0000000800000000)
  region size 2048K, 5 young (10240K), 5 survivors (10240K)
}
Event: 29.341 {heap Before GC invocations=4 (full 0):
 garbage-first heap   total reserved 4118528K, committed 260096K, used 153463K [0x0000000704a00000, 0x0000000800000000)
  region size 2048K, 75 young (153600K), 5 survivors (10240K)
}
Event: 29.346 {heap After GC invocations=5 (full 0):
 garbage-first heap   total reserved 4118528K, committed 260096K, used 10084K [0x0000000704a00000, 0x0000000800000000)
  region size 2048K, 5 young (10240K), 5 survivors (10240K)
}
Event: 36.396 {heap Before GC invocations=5 (full 0):
 garbage-first heap   total reserved 4118528K, committed 260096K, used 153444K [0x0000000704a00000, 0x0000000800000000)
  region size 2048K, 75 young (153600K), 5 survivors (10240K)
}
Event: 36.402 {heap After GC invocations=6 (full 0):
 garbage-first heap   total reserved 4118528K, committed 260096K, used 10288K [0x0000000704a00000, 0x0000000800000000)
  region size 2048K, 5 young (10240K), 5 survivors (10240K)
}
Event: 43.678 {heap Before GC invocations=6 (full 0):
 garbage-first heap   total reserved 4118528K, committed 260096K, used 153648K [0x0000000704a00000, 0x0000000800000000)
  region size 2048K, 75 young (153600K), 5 survivors (10240K)
}
Event: 43.683 {heap After GC invocations=7 (full 0):
 garbage-first heap   total reserved 4118528K, committed 260096K, used 10757K [0x0000000704a00000, 0x0000000800000000)
  region size 2048K, 5 young (10240K), 5 survivors (10240K)
}
Event: 50.774 {heap Before GC invocations=7 (full 0):
 garbage-first heap   total reserved 4118528K, committed 260096K, used 154117K [0x0000000704a00000, 0x0000000800000000)
  region size 2048K, 75 young (153600K), 5 survivors (10240K)
}
Event: 50.779 {heap After GC invocations=8 (full 0):
 garbage-first heap   total reserved 4118528K, committed 260096K, used 10520K [0x0000000704a00000, 0x0000000800000000)
  region size 2048K, 5 young (10240K), 5 survivors (10240K)
}
Event: 58.135 {heap Before GC invocations=8 (full 0):
 garbage-first heap   total reserved 4118528K, committed 260096K, used 153880K [0x0000000704a00000, 0x0000000800000000)
  region size 2048K, 75 young (153600K), 5 survivors (10240K)
}
Event: 58.140 {heap After GC invocations=9 (full 0):
 garbage-first heap   total reserved 4118528K, committed 260096K, used 10106K [0x0000000704a00000, 0x0000000800000000)
  region size 2048K, 5 young (10240K), 5 survivors (10240K)
}
Event: 65.230 {heap Before GC invocations=9 (full 0):
 garbage-first heap   total reserved 4118528K, committed 260096K, used 153466K [0x0000000704a00000, 0x0000000800000000)
  region size 2048K, 75 young (153600K), 5 survivors (10240K)
}
Event: 65.235 {heap After GC invocations=10 (full 0):
 garbage-first heap   total reserved 4118528K, committed 260096K, used 10116K [0x0000000704a00000, 0x0000000800000000)
  region size 2048K, 5 young (10240K), 5 survivors (10240K)
}
Event: 72.922 {heap Before GC invocations=10 (full 0):
 garbage-first heap   total reserved 4118528K, committed 260096K, used 153476K [0x0000000704a00000, 0x0000000800000000)
  region size 2048K, 75 young (153600K), 5 survivors (10240K)
}
Event: 72.929 {heap After GC invocations=11 (full 0):
 garbage-first heap   total reserved 4118528K, committed 260096K, used 10546K [0x0000000704a00000, 0x0000000800000000)
  region size 2048K, 5 young (10240K), 5 survivors (10240K)
}
Event: 80.116 {heap Before GC invocations=11 (full 0):
 garbage-first heap   total reserved 4118528K, committed 260096K, used 153906K [0x0000000704a00000, 0x0000000800000000)
  region size 2048K, 75 young (153600K), 5 survivors (10240K)
}
Event: 80.121 {heap After GC invocations=12 (full 0):
 garbage-first heap   total reserved 4118528K, committed 260096K, used 10378K [0x0000000704a00000, 0x0000000800000000)
  region size 2048K, 5 young (10240K), 5 survivors (10240K)
}
Event: 87.074 {heap Before GC invocations=12 (full 0):
 garbage-first heap   total reserved 4118528K, committed 260096K, used 153738K [0x0000000704a00000, 0x0000000800000000)
  region size 2048K, 75 young (153600K), 5 survivors (10240K)
}
Event: 87.078 {heap After GC invocations=13 (full 0):
 garbage-first heap   total reserved 4118528K, committed 260096K, used 10535K [0x0000000704a00000, 0x0000000800000000)
  region size 2048K, 5 young (10240K), 5 survivors (10240K)
}

